Environment variables:
  - =::=::\
  - =C:=C:\ProyectoCclaS4t\ProyectoMpe\AppPortalTurismo\ViewController
  - ALLUSERSPROFILE=C:\ProgramData
  - APPDATA=C:\Users\GmemoM2\AppData\Roaming
  - COMPUTERNAME=DESKTOP-FVJMKNO
  - ComSpec=C:\WINDOWS\system32\cmd.exe
  - CommonProgramFiles=C:\Program Files\Common Files
  - CommonProgramFiles(x86)=C:\Program Files (x86)\Common Files
  - CommonProgramW6432=C:\Program Files\Common Files
  - DriverData=C:\Windows\System32\Drivers\DriverData
  - ERROR_CODE=0
  - HOMEDRIVE=C:
  - HOMEPATH=\Users\GmemoM2
  - JAVA_EXEC="C:\Sonar\sonar-scanner-cli-3.2.0.1227-windows\sonar-scanner-3.2.0.1227-windows\bin\..\jre\bin\java.exe"
  - JAVA_HOME=C:\Sonar\sonar-scanner-cli-3.2.0.1227-windows\sonar-scanner-3.2.0.1227-windows\bin\..\jre
  - LOCALAPPDATA=C:\Users\GmemoM2\AppData\Local
  - LOGONSERVER=\\DESKTOP-FVJMKNO
  - NUMBER_OF_PROCESSORS=8
  - OS=Windows_NT
  - OneDrive=C:\Users\GmemoM2\OneDrive
  - PATHEXT=.COM;.EXE;.BAT;.CMD;.VBS;.VBE;.JS;.JSE;.WSF;.WSH;.MSC
  - PROCESSOR_ARCHITECTURE=AMD64
  - PROCESSOR_IDENTIFIER=Intel64 Family 6 Model 158 Stepping 9, GenuineIntel
  - PROCESSOR_LEVEL=6
  - PROCESSOR_REVISION=9e09
  - PROJECT_HOME=C:\ProyectoCclaS4t\ProyectoMpe\AppPortalTurismo\ViewController
  - PROMPT=$P$G
  - PSModulePath=C:\Program Files\WindowsPowerShell\Modules;C:\WINDOWS\system32\WindowsPowerShell\v1.0\Modules
  - PUBLIC=C:\Users\Public
  - Path=C:\Program Files (x86)\Common Files\Oracle\Java\javapath;C:\Program Files (x86)\ActiveState Komodo IDE 11\;C:\Windows\system32;C:\Windows;C:\Windows\System32\Wbem;C:\Windows\System32\WindowsPowerShell\v1.0\;C:\Program Files\PuTTY\;C:\Program Files\nodejs\;C:\Program Files\Git\cmd;C:\Program Files (x86)\NVIDIA Corporation\PhysX\Common;C:\Program Files (x86)\Java\jdk1.7.0_80\bin;C:\WINDOWS\system32;C:\WINDOWS;C:\WINDOWS\System32\Wbem;C:\WINDOWS\System32\WindowsPowerShell\v1.0\;C:\WINDOWS\System32\OpenSSH\;C:\Program Files\dotnet\;C:\Program Files\TortoiseGit\bin;C:\Program Files (x86)\Java\jdk1.7.0_80;C:\Sonar\sonar-runner-dist-2.4\sonar-runner-2.4\bin;C:\Sonar\sonar-scanner-cli-3.2.0.1227-windows\sonar-scanner-3.2.0.1227-windows\bin;C:\Users\GmemoM2\AppData\Local\Microsoft\WindowsApps;C:\Users\GmemoM2\AppData\Roaming\npm;C:\Users\GmemoM2\AppData\Local\Programs\Microsoft VS Code\bin;
  - ProgramData=C:\ProgramData
  - ProgramFiles=C:\Program Files
  - ProgramFiles(x86)=C:\Program Files (x86)
  - ProgramW6432=C:\Program Files
  - SESSIONNAME=Console
  - SONAR_RUNNER_HOME=C:\Sonar\sonar-runner-dist-2.4\sonar-runner-2.4
  - SONAR_SCANNER_HOME=C:\Sonar\sonar-scanner-cli-3.2.0.1227-windows\sonar-scanner-3.2.0.1227-windows\bin\..
  - SystemDrive=C:
  - SystemRoot=C:\WINDOWS
  - TEMP=C:\Users\GmemoM2\AppData\Local\Temp
  - TMP=C:\Users\GmemoM2\AppData\Local\Temp
  - USERDOMAIN=DESKTOP-FVJMKNO
  - USERDOMAIN_ROAMINGPROFILE=DESKTOP-FVJMKNO
  - USERNAME=GmemoM2
  - USERPROFILE=C:\Users\GmemoM2
  - VBOX_MSI_INSTALL_PATH=C:\Program Files\Oracle\VirtualBox\
  - envContainerTelemetryApiCmdLine=-st "C:\Program Files\NVIDIA Corporation\NvContainer\NvContainerTelemetryApi.dll"
  - envContainerTelemetryApiCmdLineX86=-st "C:\Program Files (x86)\NVIDIA Corporation\NvContainer\NvContainerTelemetryApi.dll"
  - scriptdir=C:\Sonar\sonar-scanner-cli-3.2.0.1227-windows\sonar-scanner-3.2.0.1227-windows\bin
  - use_embedded_jre=true
  - windir=C:\WINDOWS
System properties:
  - awt.toolkit=sun.awt.windows.WToolkit
  - file.encoding=Cp1252
  - file.encoding.pkg=sun.io
  - file.separator=\
  - java.awt.graphicsenv=sun.awt.Win32GraphicsEnvironment
  - java.awt.headless=true
  - java.awt.printerjob=sun.awt.windows.WPrinterJob
  - java.class.path=C:\Sonar\sonar-scanner-cli-3.2.0.1227-windows\sonar-scanner-3.2.0.1227-windows\bin\..\lib\sonar-scanner-cli-3.2.0.1227.jar
  - java.class.version=52.0
  - java.endorsed.dirs=C:\Sonar\sonar-scanner-cli-3.2.0.1227-windows\sonar-scanner-3.2.0.1227-windows\jre\lib\endorsed
  - java.ext.dirs=C:\Sonar\sonar-scanner-cli-3.2.0.1227-windows\sonar-scanner-3.2.0.1227-windows\jre\lib\ext;C:\WINDOWS\Sun\Java\lib\ext
  - java.home=C:\Sonar\sonar-scanner-cli-3.2.0.1227-windows\sonar-scanner-3.2.0.1227-windows\jre
  - java.io.tmpdir=C:\Users\GmemoM2\AppData\Local\Temp\
  - java.library.path=C:\Sonar\sonar-scanner-cli-3.2.0.1227-windows\sonar-scanner-3.2.0.1227-windows\jre\bin;C:\WINDOWS\Sun\Java\bin;C:\WINDOWS\system32;C:\WINDOWS;C:\Program Files (x86)\Common Files\Oracle\Java\javapath;C:\Program Files (x86)\ActiveState Komodo IDE 11\;C:\Windows\system32;C:\Windows;C:\Windows\System32\Wbem;C:\Windows\System32\WindowsPowerShell\v1.0\;C:\Program Files\PuTTY\;C:\Program Files\nodejs\;C:\Program Files\Git\cmd;C:\Program Files (x86)\NVIDIA Corporation\PhysX\Common;C:\Program Files (x86)\Java\jdk1.7.0_80\bin;C:\WINDOWS\system32;C:\WINDOWS;C:\WINDOWS\System32\Wbem;C:\WINDOWS\System32\WindowsPowerShell\v1.0\;C:\WINDOWS\System32\OpenSSH\;C:\Program Files\dotnet\;C:\Program Files\TortoiseGit\bin;C:\Program Files (x86)\Java\jdk1.7.0_80;C:\Sonar\sonar-runner-dist-2.4\sonar-runner-2.4\bin;C:\Sonar\sonar-scanner-cli-3.2.0.1227-windows\sonar-scanner-3.2.0.1227-windows\bin;C:\Users\GmemoM2\AppData\Local\Microsoft\WindowsApps;C:\Users\GmemoM2\AppData\Roaming\npm;C:\Users\GmemoM2\AppData\Local\Programs\Microsoft VS Code\bin;;.
  - java.runtime.name=Java(TM) SE Runtime Environment
  - java.runtime.version=1.8.0_121-b13
  - java.specification.name=Java Platform API Specification
  - java.specification.vendor=Oracle Corporation
  - java.specification.version=1.8
  - java.vendor=Oracle Corporation
  - java.vendor.url=http://java.oracle.com/
  - java.vendor.url.bug=http://bugreport.sun.com/bugreport/
  - java.version=1.8.0_121
  - java.vm.info=mixed mode
  - java.vm.name=Java HotSpot(TM) 64-Bit Server VM
  - java.vm.specification.name=Java Virtual Machine Specification
  - java.vm.specification.vendor=Oracle Corporation
  - java.vm.specification.version=1.8
  - java.vm.vendor=Oracle Corporation
  - java.vm.version=25.121-b13
  - line.separator=

  - os.arch=amd64
  - os.name=Windows 10
  - os.version=10.0
  - path.separator=;
  - project.home=C:\ProyectoCclaS4t\ProyectoMpe\AppPortalTurismo\ViewController
  - scanner.home=C:\Sonar\sonar-scanner-cli-3.2.0.1227-windows\sonar-scanner-3.2.0.1227-windows\bin\..
  - sun.arch.data.model=64
  - sun.boot.class.path=C:\Sonar\sonar-scanner-cli-3.2.0.1227-windows\sonar-scanner-3.2.0.1227-windows\jre\lib\resources.jar;C:\Sonar\sonar-scanner-cli-3.2.0.1227-windows\sonar-scanner-3.2.0.1227-windows\jre\lib\rt.jar;C:\Sonar\sonar-scanner-cli-3.2.0.1227-windows\sonar-scanner-3.2.0.1227-windows\jre\lib\sunrsasign.jar;C:\Sonar\sonar-scanner-cli-3.2.0.1227-windows\sonar-scanner-3.2.0.1227-windows\jre\lib\jsse.jar;C:\Sonar\sonar-scanner-cli-3.2.0.1227-windows\sonar-scanner-3.2.0.1227-windows\jre\lib\jce.jar;C:\Sonar\sonar-scanner-cli-3.2.0.1227-windows\sonar-scanner-3.2.0.1227-windows\jre\lib\charsets.jar;C:\Sonar\sonar-scanner-cli-3.2.0.1227-windows\sonar-scanner-3.2.0.1227-windows\jre\lib\jfr.jar;C:\Sonar\sonar-scanner-cli-3.2.0.1227-windows\sonar-scanner-3.2.0.1227-windows\jre\classes
  - sun.boot.library.path=C:\Sonar\sonar-scanner-cli-3.2.0.1227-windows\sonar-scanner-3.2.0.1227-windows\jre\bin
  - sun.cpu.endian=little
  - sun.cpu.isalist=amd64
  - sun.desktop=windows
  - sun.io.unicode.encoding=UnicodeLittle
  - sun.java.command=org.sonarsource.scanner.cli.Main -X
  - sun.java.launcher=SUN_STANDARD
  - sun.jnu.encoding=Cp1252
  - sun.management.compiler=HotSpot 64-Bit Tiered Compilers
  - sun.os.patch.level=
  - user.country=CL
  - user.dir=C:\ProyectoCclaS4t\ProyectoMpe\AppPortalTurismo\ViewController
  - user.home=C:\Users\GmemoM2
  - user.language=es
  - user.name=GmemoM2
  - user.script=
  - user.timezone=America/Santiago
  - user.variant=
SonarQube plugins:
  - SonarCFamily 5.1.1.10386 (cpp)
  - SonarPython 1.10.0.2131 (python)
  - SonarCSS 1.0.1.508 (cssfamily)
  - SonarGo 1.1.0.1612 (go)
  - SonarKotlin 1.0.1.965 (kotlin)
  - SonarTSQL 1.2.0.2539 (tsql)
  - Svn 1.8.0.1168 (scmsvn)
  - SonarJS 4.2.0.6476 (javascript)
  - SonarPLSQL 3.2.0.1753 (plsql)
  - License for SonarLint 7.3 (license)
  - SonarC# 7.3.2.6129 (csharp)
  - SonarSecurity 7.3.0.1282 (security)
  - SonarJava 5.6.1.15064 (java)
  - LDAP 2.2.0.608 (ldap)
  - Git 1.4.1.1128 (scmgit)
  - SonarFlex 2.4.0.1222 (flex)
  - SonarXML 1.5.1.1452 (xml)
  - SonarPHP 2.14.0.3569 (php)
  - SonarTS 1.7.0.2893 (typescript)
  - SonarVB 5.1.0.442 (vbnet)
  - SonarABAP 3.6.0.1269 (abap)
  - SonarSwift 3.3.0.2492 (swift)
Global properties:
  - sonar.core.id=BF41A1F2-AWWcx0xIOdSVZtvvOOtX
  - sonar.core.startTime=2018-09-02T21:13:50-0300
Settings for module: MPE
  - sonar.binaries=classes
  - sonar.host.url=http://localhost:9000
  - sonar.language=java
  - sonar.projectBaseDir=C:\ProyectoCclaS4t\ProyectoMpe\AppPortalTurismo\ViewController
  - sonar.projectKey=MPE
  - sonar.projectName=MPE
  - sonar.projectVersion=1.0
  - sonar.scanner.app=ScannerCli
  - sonar.scanner.appVersion=3.2.0.1227
  - sonar.sourceEncoding=windows-1252
  - sonar.sources=src
  - sonar.verbose=true
  - sonar.working.directory=C:\ProyectoCclaS4t\ProyectoMpe\AppPortalTurismo\ViewController\.scannerwork
